<?xml version="1.0" encoding="UTF-8"?>
<coverage generated="1666965783548" clover="3.2.0">
  <project timestamp="1666965783548" name="All files">
    <metrics statements="113" coveredstatements="113" conditionals="29" coveredconditionals="29" methods="55" coveredmethods="55" elements="197" coveredelements="197" complexity="0" loc="113" ncloc="113" packages="16" files="31" classes="31"/>
    <package name="components.Footer">
      <metrics statements="5" coveredstatements="5" conditionals="0" coveredconditionals="0" methods="2" coveredmethods="2"/>
      <file name="index.jsx" path="C:\Users\pablo\OneDrive\Área de Trabalho\ProgFS\udemy_jsts_react\react_landing_pages\src\components\Footer\index.jsx">
        <metrics statements="3" coveredstatements="3" conditionals="0" coveredconditionals="0" methods="1" coveredmethods="1"/>
        <line num="7" count="3" type="stmt"/>
        <line num="8" count="3" type="stmt"/>
        <line num="17" count="3" type="stmt"/>
      </file>
      <file name="styles.js" path="C:\Users\pablo\OneDrive\Área de Trabalho\ProgFS\udemy_jsts_react\react_landing_pages\src\components\Footer\styles.js">
        <metrics statements="2" coveredstatements="2" conditionals="0" coveredconditionals="0" methods="1" coveredmethods="1"/>
        <line num="6" count="3" type="stmt"/>
        <line num="7" count="3" type="stmt"/>
      </file>
    </package>
    <package name="components.GoTop">
      <metrics statements="4" coveredstatements="4" conditionals="0" coveredconditionals="0" methods="2" coveredmethods="2"/>
      <file name="index.jsx" path="C:\Users\pablo\OneDrive\Área de Trabalho\ProgFS\udemy_jsts_react\react_landing_pages\src\components\GoTop\index.jsx">
        <metrics statements="2" coveredstatements="2" conditionals="0" coveredconditionals="0" methods="1" coveredmethods="1"/>
        <line num="4" count="3" type="stmt"/>
        <line num="5" count="3" type="stmt"/>
      </file>
      <file name="styles.js" path="C:\Users\pablo\OneDrive\Área de Trabalho\ProgFS\udemy_jsts_react\react_landing_pages\src\components\GoTop\styles.js">
        <metrics statements="2" coveredstatements="2" conditionals="0" coveredconditionals="0" methods="1" coveredmethods="1"/>
        <line num="3" count="3" type="stmt"/>
        <line num="4" count="3" type="stmt"/>
      </file>
    </package>
    <package name="components.GridContent">
      <metrics statements="7" coveredstatements="7" conditionals="1" coveredconditionals="1" methods="3" coveredmethods="3"/>
      <file name="index.jsx" path="C:\Users\pablo\OneDrive\Área de Trabalho\ProgFS\udemy_jsts_react\react_landing_pages\src\components\GridContent\index.jsx">
        <metrics statements="3" coveredstatements="3" conditionals="1" coveredconditionals="1" methods="1" coveredmethods="1"/>
        <line num="7" count="1" type="cond" truecount="1" falsecount="0"/>
        <line num="8" count="2" type="stmt"/>
        <line num="22" count="1" type="stmt"/>
      </file>
      <file name="styles.js" path="C:\Users\pablo\OneDrive\Área de Trabalho\ProgFS\udemy_jsts_react\react_landing_pages\src\components\GridContent\styles.js">
        <metrics statements="4" coveredstatements="4" conditionals="0" coveredconditionals="0" methods="2" coveredmethods="2"/>
        <line num="3" count="1" type="stmt"/>
        <line num="4" count="2" type="stmt"/>
        <line num="11" count="1" type="stmt"/>
        <line num="12" count="2" type="stmt"/>
      </file>
    </package>
    <package name="components.GridImage">
      <metrics statements="12" coveredstatements="12" conditionals="1" coveredconditionals="1" methods="6" coveredmethods="6"/>
      <file name="index.jsx" path="C:\Users\pablo\OneDrive\Área de Trabalho\ProgFS\udemy_jsts_react\react_landing_pages\src\components\GridImage\index.jsx">
        <metrics statements="4" coveredstatements="4" conditionals="1" coveredconditionals="1" methods="2" coveredmethods="2"/>
        <line num="8" count="1" type="cond" truecount="1" falsecount="0"/>
        <line num="9" count="2" type="stmt"/>
        <line num="18" count="12" type="stmt"/>
        <line num="28" count="1" type="stmt"/>
      </file>
      <file name="styles.js" path="C:\Users\pablo\OneDrive\Área de Trabalho\ProgFS\udemy_jsts_react\react_landing_pages\src\components\GridImage\styles.js">
        <metrics statements="8" coveredstatements="8" conditionals="0" coveredconditionals="0" methods="4" coveredmethods="4"/>
        <line num="5" count="1" type="stmt"/>
        <line num="6" count="2" type="stmt"/>
        <line num="13" count="1" type="stmt"/>
        <line num="14" count="2" type="stmt"/>
        <line num="21" count="1" type="stmt"/>
        <line num="22" count="12" type="stmt"/>
        <line num="27" count="1" type="stmt"/>
        <line num="28" count="12" type="stmt"/>
      </file>
    </package>
    <package name="components.GridText">
      <metrics statements="10" coveredstatements="10" conditionals="1" coveredconditionals="1" methods="5" coveredmethods="5"/>
      <file name="index.jsx" path="C:\Users\pablo\OneDrive\Área de Trabalho\ProgFS\udemy_jsts_react\react_landing_pages\src\components\GridText\index.jsx">
        <metrics statements="4" coveredstatements="4" conditionals="1" coveredconditionals="1" methods="2" coveredmethods="2"/>
        <line num="8" count="3" type="cond" truecount="1" falsecount="0"/>
        <line num="9" count="14" type="stmt"/>
        <line num="18" count="42" type="stmt"/>
        <line num="31" count="3" type="stmt"/>
      </file>
      <file name="styles.js" path="C:\Users\pablo\OneDrive\Área de Trabalho\ProgFS\udemy_jsts_react\react_landing_pages\src\components\GridText\styles.js">
        <metrics statements="6" coveredstatements="6" conditionals="0" coveredconditionals="0" methods="3" coveredmethods="3"/>
        <line num="6" count="3" type="stmt"/>
        <line num="7" count="14" type="stmt"/>
        <line num="14" count="3" type="stmt"/>
        <line num="15" count="14" type="stmt"/>
        <line num="29" count="3" type="stmt"/>
        <line num="30" count="42" type="stmt"/>
      </file>
    </package>
    <package name="components.GridTwoColumns">
      <metrics statements="11" coveredstatements="11" conditionals="1" coveredconditionals="1" methods="5" coveredmethods="5"/>
      <file name="index.jsx" path="C:\Users\pablo\OneDrive\Área de Trabalho\ProgFS\udemy_jsts_react\react_landing_pages\src\components\GridTwoColumns\index.jsx">
        <metrics statements="3" coveredstatements="3" conditionals="1" coveredconditionals="1" methods="1" coveredmethods="1"/>
        <line num="8" count="1" type="cond" truecount="1" falsecount="0"/>
        <line num="9" count="1" type="stmt"/>
        <line num="27" count="1" type="stmt"/>
      </file>
      <file name="styles.js" path="C:\Users\pablo\OneDrive\Área de Trabalho\ProgFS\udemy_jsts_react\react_landing_pages\src\components\GridTwoColumns\styles.js">
        <metrics statements="8" coveredstatements="8" conditionals="0" coveredconditionals="0" methods="4" coveredmethods="4"/>
        <line num="4" count="1" type="stmt"/>
        <line num="5" count="1" type="stmt"/>
        <line num="22" count="1" type="stmt"/>
        <line num="23" count="1" type="stmt"/>
        <line num="30" count="1" type="stmt"/>
        <line num="31" count="1" type="stmt"/>
        <line num="34" count="1" type="stmt"/>
        <line num="35" count="1" type="stmt"/>
      </file>
    </package>
    <package name="components.Heading">
      <metrics statements="12" coveredstatements="12" conditionals="8" coveredconditionals="8" methods="8" coveredmethods="8"/>
      <file name="index.jsx" path="C:\Users\pablo\OneDrive\Área de Trabalho\ProgFS\udemy_jsts_react\react_landing_pages\src\components\Heading\index.jsx">
        <metrics statements="3" coveredstatements="3" conditionals="4" coveredconditionals="4" methods="1" coveredmethods="1"/>
        <line num="4" count="9" type="stmt"/>
        <line num="11" count="81" type="stmt"/>
        <line num="18" count="9" type="stmt"/>
      </file>
      <file name="styles.js" path="C:\Users\pablo\OneDrive\Área de Trabalho\ProgFS\udemy_jsts_react\react_landing_pages\src\components\Heading\styles.js">
        <metrics statements="9" coveredstatements="9" conditionals="4" coveredconditionals="4" methods="7" coveredmethods="7"/>
        <line num="3" count="26" type="stmt"/>
        <line num="9" count="9" type="stmt"/>
        <line num="10" count="53" type="stmt"/>
        <line num="13" count="1" type="stmt"/>
        <line num="16" count="1" type="stmt"/>
        <line num="19" count="26" type="stmt"/>
        <line num="25" count="81" type="stmt"/>
        <line num="29" count="9" type="stmt"/>
        <line num="30" count="81" type="stmt"/>
      </file>
    </package>
    <package name="components.LogoLink">
      <metrics statements="5" coveredstatements="5" conditionals="3" coveredconditionals="3" methods="2" coveredmethods="2"/>
      <file name="index.jsx" path="C:\Users\pablo\OneDrive\Área de Trabalho\ProgFS\udemy_jsts_react\react_landing_pages\src\components\LogoLink\index.jsx">
        <metrics statements="3" coveredstatements="3" conditionals="3" coveredconditionals="3" methods="1" coveredmethods="1"/>
        <line num="6" count="4" type="cond" truecount="1" falsecount="0"/>
        <line num="7" count="10" type="stmt"/>
        <line num="16" count="4" type="stmt"/>
      </file>
      <file name="styles.js" path="C:\Users\pablo\OneDrive\Área de Trabalho\ProgFS\udemy_jsts_react\react_landing_pages\src\components\LogoLink\styles.js">
        <metrics statements="2" coveredstatements="2" conditionals="0" coveredconditionals="0" methods="1" coveredmethods="1"/>
        <line num="3" count="4" type="stmt"/>
        <line num="4" count="10" type="stmt"/>
      </file>
    </package>
    <package name="components.Menu">
      <metrics statements="13" coveredstatements="13" conditionals="7" coveredconditionals="7" methods="7" coveredmethods="7"/>
      <file name="index.jsx" path="C:\Users\pablo\OneDrive\Área de Trabalho\ProgFS\udemy_jsts_react\react_landing_pages\src\components\Menu\index.jsx">
        <metrics statements="6" coveredstatements="6" conditionals="3" coveredconditionals="3" methods="3" coveredmethods="3"/>
        <line num="11" count="3" type="cond" truecount="1" falsecount="0"/>
        <line num="12" count="7" type="stmt"/>
        <line num="14" count="7" type="stmt"/>
        <line num="18" count="1" type="stmt"/>
        <line num="27" count="1" type="stmt"/>
        <line num="39" count="3" type="stmt"/>
      </file>
      <file name="styles.js" path="C:\Users\pablo\OneDrive\Área de Trabalho\ProgFS\udemy_jsts_react\react_landing_pages\src\components\Menu\styles.js">
        <metrics statements="7" coveredstatements="7" conditionals="4" coveredconditionals="4" methods="4" coveredmethods="4"/>
        <line num="5" count="3" type="stmt"/>
        <line num="10" count="3" type="stmt"/>
        <line num="11" count="7" type="stmt"/>
        <line num="43" count="3" type="stmt"/>
        <line num="44" count="7" type="stmt"/>
        <line num="62" count="3" type="stmt"/>
        <line num="63" count="7" type="stmt"/>
      </file>
    </package>
    <package name="components.MenuLink">
      <metrics statements="6" coveredstatements="6" conditionals="3" coveredconditionals="3" methods="2" coveredmethods="2"/>
      <file name="index.jsx" path="C:\Users\pablo\OneDrive\Área de Trabalho\ProgFS\udemy_jsts_react\react_landing_pages\src\components\MenuLink\index.jsx">
        <metrics statements="4" coveredstatements="4" conditionals="3" coveredconditionals="3" methods="1" coveredmethods="1"/>
        <line num="4" count="5" type="cond" truecount="1" falsecount="0"/>
        <line num="5" count="93" type="cond" truecount="2" falsecount="0"/>
        <line num="6" count="93" type="stmt"/>
        <line num="13" count="5" type="stmt"/>
      </file>
      <file name="styles.js" path="C:\Users\pablo\OneDrive\Área de Trabalho\ProgFS\udemy_jsts_react\react_landing_pages\src\components\MenuLink\styles.js">
        <metrics statements="2" coveredstatements="2" conditionals="0" coveredconditionals="0" methods="1" coveredmethods="1"/>
        <line num="3" count="5" type="stmt"/>
        <line num="4" count="93" type="stmt"/>
      </file>
    </package>
    <package name="components.NavLinks">
      <metrics statements="6" coveredstatements="6" conditionals="1" coveredconditionals="1" methods="3" coveredmethods="3"/>
      <file name="index.jsx" path="C:\Users\pablo\OneDrive\Área de Trabalho\ProgFS\udemy_jsts_react\react_landing_pages\src\components\NavLinks\index.jsx">
        <metrics statements="4" coveredstatements="4" conditionals="1" coveredconditionals="1" methods="2" coveredmethods="2"/>
        <line num="5" count="4" type="cond" truecount="1" falsecount="0"/>
        <line num="6" count="11" type="stmt"/>
        <line num="9" count="90" type="stmt"/>
        <line num="15" count="4" type="stmt"/>
      </file>
      <file name="styles.js" path="C:\Users\pablo\OneDrive\Área de Trabalho\ProgFS\udemy_jsts_react\react_landing_pages\src\components\NavLinks\styles.js">
        <metrics statements="2" coveredstatements="2" conditionals="0" coveredconditionals="0" methods="1" coveredmethods="1"/>
        <line num="3" count="4" type="stmt"/>
        <line num="4" count="11" type="stmt"/>
      </file>
    </package>
    <package name="components.SectionBackground">
      <metrics statements="6" coveredstatements="6" conditionals="3" coveredconditionals="3" methods="3" coveredmethods="3"/>
      <file name="index.jsx" path="C:\Users\pablo\OneDrive\Área de Trabalho\ProgFS\udemy_jsts_react\react_landing_pages\src\components\SectionBackground\index.jsx">
        <metrics statements="3" coveredstatements="3" conditionals="1" coveredconditionals="1" methods="1" coveredmethods="1"/>
        <line num="5" count="7" type="cond" truecount="1" falsecount="0"/>
        <line num="6" count="21" type="stmt"/>
        <line num="13" count="7" type="stmt"/>
      </file>
      <file name="styles.js" path="C:\Users\pablo\OneDrive\Área de Trabalho\ProgFS\udemy_jsts_react\react_landing_pages\src\components\SectionBackground\styles.js">
        <metrics statements="3" coveredstatements="3" conditionals="2" coveredconditionals="2" methods="2" coveredmethods="2"/>
        <line num="3" count="7" type="stmt"/>
        <line num="8" count="7" type="stmt"/>
        <line num="9" count="21" type="stmt"/>
      </file>
    </package>
    <package name="components.SectionContainer">
      <metrics statements="5" coveredstatements="5" conditionals="0" coveredconditionals="0" methods="2" coveredmethods="2"/>
      <file name="index.jsx" path="C:\Users\pablo\OneDrive\Área de Trabalho\ProgFS\udemy_jsts_react\react_landing_pages\src\components\SectionContainer\index.jsx">
        <metrics statements="3" coveredstatements="3" conditionals="0" coveredconditionals="0" methods="1" coveredmethods="1"/>
        <line num="4" count="10" type="stmt"/>
        <line num="5" count="32" type="stmt"/>
        <line num="8" count="10" type="stmt"/>
      </file>
      <file name="styles.js" path="C:\Users\pablo\OneDrive\Área de Trabalho\ProgFS\udemy_jsts_react\react_landing_pages\src\components\SectionContainer\styles.js">
        <metrics statements="2" coveredstatements="2" conditionals="0" coveredconditionals="0" methods="1" coveredmethods="1"/>
        <line num="3" count="10" type="stmt"/>
        <line num="4" count="32" type="stmt"/>
      </file>
    </package>
    <package name="components.TextComponent">
      <metrics statements="5" coveredstatements="5" conditionals="0" coveredconditionals="0" methods="2" coveredmethods="2"/>
      <file name="index.jsx" path="C:\Users\pablo\OneDrive\Área de Trabalho\ProgFS\udemy_jsts_react\react_landing_pages\src\components\TextComponent\index.jsx">
        <metrics statements="3" coveredstatements="3" conditionals="0" coveredconditionals="0" methods="1" coveredmethods="1"/>
        <line num="4" count="8" type="stmt"/>
        <line num="5" count="66" type="stmt"/>
        <line num="8" count="8" type="stmt"/>
      </file>
      <file name="styles.js" path="C:\Users\pablo\OneDrive\Área de Trabalho\ProgFS\udemy_jsts_react\react_landing_pages\src\components\TextComponent\styles.js">
        <metrics statements="2" coveredstatements="2" conditionals="0" coveredconditionals="0" methods="1" coveredmethods="1"/>
        <line num="3" count="8" type="stmt"/>
        <line num="4" count="66" type="stmt"/>
      </file>
    </package>
    <package name="templates.App">
      <metrics statements="1" coveredstatements="1" conditionals="0" coveredconditionals="0" methods="1" coveredmethods="1"/>
      <file name="index.jsx" path="C:\Users\pablo\OneDrive\Área de Trabalho\ProgFS\udemy_jsts_react\react_landing_pages\src\templates\App\index.jsx">
        <metrics statements="1" coveredstatements="1" conditionals="0" coveredconditionals="0" methods="1" coveredmethods="1"/>
        <line num="5" count="1" type="stmt"/>
      </file>
    </package>
    <package name="templates.Base">
      <metrics statements="5" coveredstatements="5" conditionals="0" coveredconditionals="0" methods="2" coveredmethods="2"/>
      <file name="index.jsx" path="C:\Users\pablo\OneDrive\Área de Trabalho\ProgFS\udemy_jsts_react\react_landing_pages\src\templates\Base\index.jsx">
        <metrics statements="3" coveredstatements="3" conditionals="0" coveredconditionals="0" methods="1" coveredmethods="1"/>
        <line num="8" count="2" type="stmt"/>
        <line num="9" count="2" type="stmt"/>
        <line num="21" count="2" type="stmt"/>
      </file>
      <file name="styles.js" path="C:\Users\pablo\OneDrive\Área de Trabalho\ProgFS\udemy_jsts_react\react_landing_pages\src\templates\Base\styles.js">
        <metrics statements="2" coveredstatements="2" conditionals="0" coveredconditionals="0" methods="1" coveredmethods="1"/>
        <line num="3" count="2" type="stmt"/>
        <line num="4" count="2" type="stmt"/>
      </file>
    </package>
  </project>
</coverage>
