{"C:\\Users\\pablo\\OneDrive\\Área de Trabalho\\ProgFS\\udemy_jsts_react\\react_landing_pages\\src\\components\\Heading\\index.jsx": {"path":"C:\\Users\\pablo\\OneDrive\\Área de Trabalho\\ProgFS\\udemy_jsts_react\\react_landing_pages\\src\\components\\Heading\\index.jsx","statementMap":{"0":{"start":{"line":11,"column":2},"end":{"line":15,"column":4}},"1":{"start":{"line":18,"column":0},"end":{"line":24,"column":2}},"2":{"start":{"line":26,"column":0},"end":{"line":31,"column":2}}},"fnMap":{"0":{"name":"Heading","decl":{"start":{"line":4,"column":16},"end":{"line":4,"column":23}},"loc":{"start":{"line":10,"column":3},"end":{"line":16,"column":1}},"line":10}},"branchMap":{"0":{"loc":{"start":{"line":6,"column":2},"end":{"line":6,"column":18}},"type":"default-arg","locations":[{"start":{"line":6,"column":14},"end":{"line":6,"column":18}}],"line":6},"1":{"loc":{"start":{"line":7,"column":2},"end":{"line":7,"column":11}},"type":"default-arg","locations":[{"start":{"line":7,"column":7},"end":{"line":7,"column":11}}],"line":7},"2":{"loc":{"start":{"line":8,"column":2},"end":{"line":8,"column":15}},"type":"default-arg","locations":[{"start":{"line":8,"column":9},"end":{"line":8,"column":15}}],"line":8},"3":{"loc":{"start":{"line":9,"column":2},"end":{"line":9,"column":19}},"type":"default-arg","locations":[{"start":{"line":9,"column":14},"end":{"line":9,"column":19}}],"line":9}},"s":{"0":9,"1":1,"2":1},"f":{"0":9},"b":{"0":[0],"1":[0],"2":[0],"3":[0]},"_coverageSchema":"1a1c01bbd47fc00a2c39e90264f33305004495a9","hash":"bb9d4b771fd3b82968515885c3e190d8b4ee1c37"}
,"C:\\Users\\pablo\\OneDrive\\Área de Trabalho\\ProgFS\\udemy_jsts_react\\react_landing_pages\\src\\components\\Heading\\styles.js": {"path":"C:\\Users\\pablo\\OneDrive\\Área de Trabalho\\ProgFS\\udemy_jsts_react\\react_landing_pages\\src\\components\\Heading\\styles.js","statementMap":{"0":{"start":{"line":3,"column":18},"end":{"line":7,"column":1}},"1":{"start":{"line":3,"column":29},"end":{"line":7,"column":1}},"2":{"start":{"line":9,"column":18},"end":{"line":23,"column":1}},"3":{"start":{"line":10,"column":20},"end":{"line":12,"column":3}},"4":{"start":{"line":13,"column":21},"end":{"line":15,"column":3}},"5":{"start":{"line":16,"column":18},"end":{"line":18,"column":3}},"6":{"start":{"line":19,"column":19},"end":{"line":22,"column":3}},"7":{"start":{"line":25,"column":18},"end":{"line":27,"column":1}},"8":{"start":{"line":25,"column":33},"end":{"line":27,"column":1}},"9":{"start":{"line":29,"column":21},"end":{"line":35,"column":1}},"10":{"start":{"line":30,"column":47},"end":{"line":34,"column":3}}},"fnMap":{"0":{"name":"(anonymous_0)","decl":{"start":{"line":3,"column":18},"end":{"line":3,"column":19}},"loc":{"start":{"line":3,"column":29},"end":{"line":7,"column":1}},"line":3},"1":{"name":"(anonymous_1)","decl":{"start":{"line":10,"column":9},"end":{"line":10,"column":10}},"loc":{"start":{"line":10,"column":20},"end":{"line":12,"column":3}},"line":10},"2":{"name":"(anonymous_2)","decl":{"start":{"line":13,"column":10},"end":{"line":13,"column":11}},"loc":{"start":{"line":13,"column":21},"end":{"line":15,"column":3}},"line":13},"3":{"name":"(anonymous_3)","decl":{"start":{"line":16,"column":7},"end":{"line":16,"column":8}},"loc":{"start":{"line":16,"column":18},"end":{"line":18,"column":3}},"line":16},"4":{"name":"(anonymous_4)","decl":{"start":{"line":19,"column":8},"end":{"line":19,"column":9}},"loc":{"start":{"line":19,"column":19},"end":{"line":22,"column":3}},"line":19},"5":{"name":"(anonymous_5)","decl":{"start":{"line":25,"column":18},"end":{"line":25,"column":19}},"loc":{"start":{"line":25,"column":33},"end":{"line":27,"column":1}},"line":25},"6":{"name":"(anonymous_6)","decl":{"start":{"line":30,"column":4},"end":{"line":30,"column":5}},"loc":{"start":{"line":30,"column":47},"end":{"line":34,"column":3}},"line":30}},"branchMap":{"0":{"loc":{"start":{"line":26,"column":20},"end":{"line":26,"column":52}},"type":"cond-expr","locations":[{"start":{"line":26,"column":32},"end":{"line":26,"column":43}},{"start":{"line":26,"column":46},"end":{"line":26,"column":52}}],"line":26},"1":{"loc":{"start":{"line":31,"column":13},"end":{"line":31,"column":71}},"type":"cond-expr","locations":[{"start":{"line":31,"column":25},"end":{"line":31,"column":50}},{"start":{"line":31,"column":53},"end":{"line":31,"column":71}}],"line":31}},"s":{"0":1,"1":6,"2":1,"3":1,"4":1,"5":1,"6":6,"7":1,"8":9,"9":1,"10":9},"f":{"0":6,"1":1,"2":1,"3":1,"4":6,"5":9,"6":9},"b":{"0":[1,8],"1":[8,1]},"_coverageSchema":"1a1c01bbd47fc00a2c39e90264f33305004495a9","hash":"2573b2434a16d3d0c7471371ae462b98a99cd481"}
,"C:\\Users\\pablo\\OneDrive\\Área de Trabalho\\ProgFS\\udemy_jsts_react\\react_landing_pages\\src\\styles\\render-theme.jsx": {"path":"C:\\Users\\pablo\\OneDrive\\Área de Trabalho\\ProgFS\\udemy_jsts_react\\react_landing_pages\\src\\styles\\render-theme.jsx","statementMap":{"0":{"start":{"line":6,"column":27},"end":{"line":8,"column":1}},"1":{"start":{"line":7,"column":2},"end":{"line":7,"column":73}}},"fnMap":{"0":{"name":"(anonymous_0)","decl":{"start":{"line":6,"column":27},"end":{"line":6,"column":28}},"loc":{"start":{"line":6,"column":41},"end":{"line":8,"column":1}},"line":6}},"branchMap":{},"s":{"0":2,"1":7},"f":{"0":7},"b":{},"_coverageSchema":"1a1c01bbd47fc00a2c39e90264f33305004495a9","hash":"40e7e1f4a8dabba4b7ac6d97d52b7eea55bdfa25"}
,"C:\\Users\\pablo\\OneDrive\\Área de Trabalho\\ProgFS\\udemy_jsts_react\\react_landing_pages\\src\\styles\\theme.js": {"path":"C:\\Users\\pablo\\OneDrive\\Área de Trabalho\\ProgFS\\udemy_jsts_react\\react_landing_pages\\src\\styles\\theme.js","statementMap":{"0":{"start":{"line":1,"column":21},"end":{"line":26,"column":1}}},"fnMap":{},"branchMap":{},"s":{"0":2},"f":{},"b":{},"_coverageSchema":"1a1c01bbd47fc00a2c39e90264f33305004495a9","hash":"0513b5c57f86f88632767d22920fe9a0500f1da6"}
,"C:\\Users\\pablo\\OneDrive\\Área de Trabalho\\ProgFS\\udemy_jsts_react\\react_landing_pages\\src\\templates\\App\\index.jsx": {"path":"C:\\Users\\pablo\\OneDrive\\Área de Trabalho\\ProgFS\\udemy_jsts_react\\react_landing_pages\\src\\templates\\App\\index.jsx","statementMap":{"0":{"start":{"line":4,"column":2},"end":{"line":8,"column":4}}},"fnMap":{"0":{"name":"Home","decl":{"start":{"line":3,"column":9},"end":{"line":3,"column":13}},"loc":{"start":{"line":3,"column":16},"end":{"line":9,"column":1}},"line":3}},"branchMap":{},"s":{"0":1},"f":{"0":1},"b":{},"_coverageSchema":"1a1c01bbd47fc00a2c39e90264f33305004495a9","hash":"0c72641ce7c3d32f754f50c1ac85fb62611f3058"}
,"C:\\Users\\pablo\\OneDrive\\Área de Trabalho\\ProgFS\\udemy_jsts_react\\react_landing_pages\\src\\templates\\App\\styles.js": {"path":"C:\\Users\\pablo\\OneDrive\\Área de Trabalho\\ProgFS\\udemy_jsts_react\\react_landing_pages\\src\\templates\\App\\styles.js","statementMap":{"0":{"start":{"line":3,"column":25},"end":{"line":5,"column":1}}},"fnMap":{},"branchMap":{},"s":{"0":1},"f":{},"b":{},"_coverageSchema":"1a1c01bbd47fc00a2c39e90264f33305004495a9","hash":"ec745081f8499bab6d41cf0a90bd23339cbb54b1"}
}
