{"C:\\Users\\pablo\\OneDrive\\Área de Trabalho\\ProgFS\\udemy_jsts_react\\react_landing_pages\\src\\components\\Heading\\index.jsx": {"path":"C:\\Users\\pablo\\OneDrive\\Área de Trabalho\\ProgFS\\udemy_jsts_react\\react_landing_pages\\src\\components\\Heading\\index.jsx","statementMap":{"0":{"start":{"line":4,"column":23},"end":{"line":16,"column":1}},"1":{"start":{"line":11,"column":2},"end":{"line":15,"column":4}},"2":{"start":{"line":18,"column":0},"end":{"line":24,"column":2}}},"fnMap":{"0":{"name":"(anonymous_0)","decl":{"start":{"line":4,"column":23},"end":{"line":4,"column":24}},"loc":{"start":{"line":10,"column":6},"end":{"line":16,"column":1}},"line":10}},"branchMap":{"0":{"loc":{"start":{"line":6,"column":2},"end":{"line":6,"column":18}},"type":"default-arg","locations":[{"start":{"line":6,"column":14},"end":{"line":6,"column":18}}],"line":6},"1":{"loc":{"start":{"line":7,"column":2},"end":{"line":7,"column":11}},"type":"default-arg","locations":[{"start":{"line":7,"column":7},"end":{"line":7,"column":11}}],"line":7},"2":{"loc":{"start":{"line":8,"column":2},"end":{"line":8,"column":15}},"type":"default-arg","locations":[{"start":{"line":8,"column":9},"end":{"line":8,"column":15}}],"line":8},"3":{"loc":{"start":{"line":9,"column":2},"end":{"line":9,"column":19}},"type":"default-arg","locations":[{"start":{"line":9,"column":14},"end":{"line":9,"column":19}}],"line":9}},"s":{"0":1,"1":10,"2":1},"f":{"0":10},"b":{"0":[9],"1":[9],"2":[5],"3":[9]},"_coverageSchema":"1a1c01bbd47fc00a2c39e90264f33305004495a9","hash":"42c0bdde9b1bbeade0761b401b38a801fce93219"}
,"C:\\Users\\pablo\\OneDrive\\Área de Trabalho\\ProgFS\\udemy_jsts_react\\react_landing_pages\\src\\components\\Heading\\styles.js": {"path":"C:\\Users\\pablo\\OneDrive\\Área de Trabalho\\ProgFS\\udemy_jsts_react\\react_landing_pages\\src\\components\\Heading\\styles.js","statementMap":{"0":{"start":{"line":3,"column":18},"end":{"line":7,"column":1}},"1":{"start":{"line":3,"column":29},"end":{"line":7,"column":1}},"2":{"start":{"line":9,"column":18},"end":{"line":23,"column":1}},"3":{"start":{"line":10,"column":20},"end":{"line":12,"column":3}},"4":{"start":{"line":13,"column":21},"end":{"line":15,"column":3}},"5":{"start":{"line":16,"column":18},"end":{"line":18,"column":3}},"6":{"start":{"line":19,"column":19},"end":{"line":22,"column":3}},"7":{"start":{"line":25,"column":18},"end":{"line":27,"column":1}},"8":{"start":{"line":25,"column":33},"end":{"line":27,"column":1}},"9":{"start":{"line":29,"column":21},"end":{"line":35,"column":1}},"10":{"start":{"line":30,"column":47},"end":{"line":34,"column":3}}},"fnMap":{"0":{"name":"(anonymous_0)","decl":{"start":{"line":3,"column":18},"end":{"line":3,"column":19}},"loc":{"start":{"line":3,"column":29},"end":{"line":7,"column":1}},"line":3},"1":{"name":"(anonymous_1)","decl":{"start":{"line":10,"column":9},"end":{"line":10,"column":10}},"loc":{"start":{"line":10,"column":20},"end":{"line":12,"column":3}},"line":10},"2":{"name":"(anonymous_2)","decl":{"start":{"line":13,"column":10},"end":{"line":13,"column":11}},"loc":{"start":{"line":13,"column":21},"end":{"line":15,"column":3}},"line":13},"3":{"name":"(anonymous_3)","decl":{"start":{"line":16,"column":7},"end":{"line":16,"column":8}},"loc":{"start":{"line":16,"column":18},"end":{"line":18,"column":3}},"line":16},"4":{"name":"(anonymous_4)","decl":{"start":{"line":19,"column":8},"end":{"line":19,"column":9}},"loc":{"start":{"line":19,"column":19},"end":{"line":22,"column":3}},"line":19},"5":{"name":"(anonymous_5)","decl":{"start":{"line":25,"column":18},"end":{"line":25,"column":19}},"loc":{"start":{"line":25,"column":33},"end":{"line":27,"column":1}},"line":25},"6":{"name":"(anonymous_6)","decl":{"start":{"line":30,"column":4},"end":{"line":30,"column":5}},"loc":{"start":{"line":30,"column":47},"end":{"line":34,"column":3}},"line":30}},"branchMap":{"0":{"loc":{"start":{"line":26,"column":20},"end":{"line":26,"column":52}},"type":"cond-expr","locations":[{"start":{"line":26,"column":32},"end":{"line":26,"column":43}},{"start":{"line":26,"column":46},"end":{"line":26,"column":52}}],"line":26},"1":{"loc":{"start":{"line":31,"column":13},"end":{"line":31,"column":71}},"type":"cond-expr","locations":[{"start":{"line":31,"column":25},"end":{"line":31,"column":50}},{"start":{"line":31,"column":53},"end":{"line":31,"column":71}}],"line":31}},"s":{"0":1,"1":7,"2":1,"3":1,"4":1,"5":1,"6":7,"7":1,"8":10,"9":1,"10":10},"f":{"0":7,"1":1,"2":1,"3":1,"4":7,"5":10,"6":10},"b":{"0":[1,9],"1":[9,1]},"_coverageSchema":"1a1c01bbd47fc00a2c39e90264f33305004495a9","hash":"2573b2434a16d3d0c7471371ae462b98a99cd481"}
,"C:\\Users\\pablo\\OneDrive\\Área de Trabalho\\ProgFS\\udemy_jsts_react\\react_landing_pages\\src\\components\\MenuLink\\index.jsx": {"path":"C:\\Users\\pablo\\OneDrive\\Área de Trabalho\\ProgFS\\udemy_jsts_react\\react_landing_pages\\src\\components\\MenuLink\\index.jsx","statementMap":{"0":{"start":{"line":4,"column":24},"end":{"line":11,"column":1}},"1":{"start":{"line":5,"column":17},"end":{"line":5,"column":44}},"2":{"start":{"line":6,"column":2},"end":{"line":10,"column":4}},"3":{"start":{"line":13,"column":0},"end":{"line":17,"column":2}}},"fnMap":{"0":{"name":"(anonymous_0)","decl":{"start":{"line":4,"column":24},"end":{"line":4,"column":25}},"loc":{"start":{"line":4,"column":64},"end":{"line":11,"column":1}},"line":4}},"branchMap":{"0":{"loc":{"start":{"line":4,"column":43},"end":{"line":4,"column":57}},"type":"default-arg","locations":[{"start":{"line":4,"column":52},"end":{"line":4,"column":57}}],"line":4},"1":{"loc":{"start":{"line":5,"column":17},"end":{"line":5,"column":44}},"type":"cond-expr","locations":[{"start":{"line":5,"column":26},"end":{"line":5,"column":34}},{"start":{"line":5,"column":37},"end":{"line":5,"column":44}}],"line":5}},"s":{"0":2,"1":33,"2":33,"3":2},"f":{"0":33},"b":{"0":[1],"1":[1,32]},"_coverageSchema":"1a1c01bbd47fc00a2c39e90264f33305004495a9","hash":"51b3663c091c6b9634d8590b9bb87f44ffc19eb5"}
,"C:\\Users\\pablo\\OneDrive\\Área de Trabalho\\ProgFS\\udemy_jsts_react\\react_landing_pages\\src\\components\\MenuLink\\styles.js": {"path":"C:\\Users\\pablo\\OneDrive\\Área de Trabalho\\ProgFS\\udemy_jsts_react\\react_landing_pages\\src\\components\\MenuLink\\styles.js","statementMap":{"0":{"start":{"line":3,"column":25},"end":{"line":28,"column":1}},"1":{"start":{"line":4,"column":19},"end":{"line":27,"column":3}}},"fnMap":{"0":{"name":"(anonymous_0)","decl":{"start":{"line":4,"column":4},"end":{"line":4,"column":5}},"loc":{"start":{"line":4,"column":19},"end":{"line":27,"column":3}},"line":4}},"branchMap":{},"s":{"0":2,"1":33},"f":{"0":33},"b":{},"_coverageSchema":"1a1c01bbd47fc00a2c39e90264f33305004495a9","hash":"70879e88cd7a618480244a1eb3eb64f0c591a85d"}
,"C:\\Users\\pablo\\OneDrive\\Área de Trabalho\\ProgFS\\udemy_jsts_react\\react_landing_pages\\src\\components\\NavLinks\\index.jsx": {"path":"C:\\Users\\pablo\\OneDrive\\Área de Trabalho\\ProgFS\\udemy_jsts_react\\react_landing_pages\\src\\components\\NavLinks\\index.jsx","statementMap":{"0":{"start":{"line":5,"column":24},"end":{"line":13,"column":1}},"1":{"start":{"line":6,"column":2},"end":{"line":12,"column":4}},"2":{"start":{"line":9,"column":8},"end":{"line":9,"column":46}},"3":{"start":{"line":15,"column":0},"end":{"line":23,"column":2}}},"fnMap":{"0":{"name":"(anonymous_0)","decl":{"start":{"line":5,"column":24},"end":{"line":5,"column":25}},"loc":{"start":{"line":5,"column":44},"end":{"line":13,"column":1}},"line":5},"1":{"name":"(anonymous_1)","decl":{"start":{"line":8,"column":17},"end":{"line":8,"column":18}},"loc":{"start":{"line":9,"column":8},"end":{"line":9,"column":46}},"line":9}},"branchMap":{"0":{"loc":{"start":{"line":5,"column":27},"end":{"line":5,"column":37}},"type":"default-arg","locations":[{"start":{"line":5,"column":35},"end":{"line":5,"column":37}}],"line":5}},"s":{"0":1,"1":4,"2":30,"3":1},"f":{"0":4,"1":30},"b":{"0":[1]},"_coverageSchema":"1a1c01bbd47fc00a2c39e90264f33305004495a9","hash":"fc6e7cabdf31b1ce1636072ff277511857a611e8"}
,"C:\\Users\\pablo\\OneDrive\\Área de Trabalho\\ProgFS\\udemy_jsts_react\\react_landing_pages\\src\\components\\NavLinks\\styles.js": {"path":"C:\\Users\\pablo\\OneDrive\\Área de Trabalho\\ProgFS\\udemy_jsts_react\\react_landing_pages\\src\\components\\NavLinks\\styles.js","statementMap":{"0":{"start":{"line":3,"column":25},"end":{"line":13,"column":1}},"1":{"start":{"line":4,"column":19},"end":{"line":12,"column":3}}},"fnMap":{"0":{"name":"(anonymous_0)","decl":{"start":{"line":4,"column":4},"end":{"line":4,"column":5}},"loc":{"start":{"line":4,"column":19},"end":{"line":12,"column":3}},"line":4}},"branchMap":{},"s":{"0":1,"1":4},"f":{"0":4},"b":{},"_coverageSchema":"1a1c01bbd47fc00a2c39e90264f33305004495a9","hash":"6437dde40d00fa20fcc0398e3716a753e3a5b108"}
,"C:\\Users\\pablo\\OneDrive\\Área de Trabalho\\ProgFS\\udemy_jsts_react\\react_landing_pages\\src\\components\\TextComponent\\index.jsx": {"path":"C:\\Users\\pablo\\OneDrive\\Área de Trabalho\\ProgFS\\udemy_jsts_react\\react_landing_pages\\src\\components\\TextComponent\\index.jsx","statementMap":{"0":{"start":{"line":4,"column":29},"end":{"line":6,"column":1}},"1":{"start":{"line":5,"column":2},"end":{"line":5,"column":43}},"2":{"start":{"line":8,"column":0},"end":{"line":10,"column":2}}},"fnMap":{"0":{"name":"(anonymous_0)","decl":{"start":{"line":4,"column":29},"end":{"line":4,"column":30}},"loc":{"start":{"line":4,"column":47},"end":{"line":6,"column":1}},"line":4}},"branchMap":{},"s":{"0":1,"1":2,"2":1},"f":{"0":2},"b":{},"_coverageSchema":"1a1c01bbd47fc00a2c39e90264f33305004495a9","hash":"6374fee66d973632cfd8a939149a6f2e89c422c7"}
,"C:\\Users\\pablo\\OneDrive\\Área de Trabalho\\ProgFS\\udemy_jsts_react\\react_landing_pages\\src\\components\\TextComponent\\styles.js": {"path":"C:\\Users\\pablo\\OneDrive\\Área de Trabalho\\ProgFS\\udemy_jsts_react\\react_landing_pages\\src\\components\\TextComponent\\styles.js","statementMap":{"0":{"start":{"line":3,"column":25},"end":{"line":7,"column":1}},"1":{"start":{"line":4,"column":19},"end":{"line":6,"column":3}}},"fnMap":{"0":{"name":"(anonymous_0)","decl":{"start":{"line":4,"column":4},"end":{"line":4,"column":5}},"loc":{"start":{"line":4,"column":19},"end":{"line":6,"column":3}},"line":4}},"branchMap":{},"s":{"0":1,"1":2},"f":{"0":2},"b":{},"_coverageSchema":"1a1c01bbd47fc00a2c39e90264f33305004495a9","hash":"3888f7e042b5c4b41df2d9fbb73a2068d7da8f68"}
,"C:\\Users\\pablo\\OneDrive\\Área de Trabalho\\ProgFS\\udemy_jsts_react\\react_landing_pages\\src\\templates\\App\\index.jsx": {"path":"C:\\Users\\pablo\\OneDrive\\Área de Trabalho\\ProgFS\\udemy_jsts_react\\react_landing_pages\\src\\templates\\App\\index.jsx","statementMap":{"0":{"start":{"line":4,"column":2},"end":{"line":8,"column":4}}},"fnMap":{"0":{"name":"Home","decl":{"start":{"line":3,"column":9},"end":{"line":3,"column":13}},"loc":{"start":{"line":3,"column":16},"end":{"line":9,"column":1}},"line":3}},"branchMap":{},"s":{"0":1},"f":{"0":1},"b":{},"_coverageSchema":"1a1c01bbd47fc00a2c39e90264f33305004495a9","hash":"0c72641ce7c3d32f754f50c1ac85fb62611f3058"}
,"C:\\Users\\pablo\\OneDrive\\Área de Trabalho\\ProgFS\\udemy_jsts_react\\react_landing_pages\\src\\templates\\App\\styles.js": {"path":"C:\\Users\\pablo\\OneDrive\\Área de Trabalho\\ProgFS\\udemy_jsts_react\\react_landing_pages\\src\\templates\\App\\styles.js","statementMap":{"0":{"start":{"line":3,"column":25},"end":{"line":5,"column":1}}},"fnMap":{},"branchMap":{},"s":{"0":1},"f":{},"b":{},"_coverageSchema":"1a1c01bbd47fc00a2c39e90264f33305004495a9","hash":"ec745081f8499bab6d41cf0a90bd23339cbb54b1"}
}
