TN:
SF:src\components\Heading\index.jsx
FN:4,(anonymous_0)
FNF:1
FNH:1
FNDA:10,(anonymous_0)
DA:4,1
DA:11,10
DA:18,1
LF:3
LH:3
BRDA:6,0,0,9
BRDA:7,1,0,9
BRDA:8,2,0,5
BRDA:9,3,0,9
BRF:4
BRH:4
end_of_record
TN:
SF:src\components\Heading\styles.js
FN:3,(anonymous_0)
FN:10,(anonymous_1)
FN:13,(anonymous_2)
FN:16,(anonymous_3)
FN:19,(anonymous_4)
FN:25,(anonymous_5)
FN:30,(anonymous_6)
FNF:7
FNH:7
FNDA:7,(anonymous_0)
FNDA:1,(anonymous_1)
FNDA:1,(anonymous_2)
FNDA:1,(anonymous_3)
FNDA:7,(anonymous_4)
FNDA:10,(anonymous_5)
FNDA:10,(anonymous_6)
DA:3,7
DA:9,1
DA:10,1
DA:13,1
DA:16,1
DA:19,7
DA:25,10
DA:29,1
DA:30,10
LF:9
LH:9
BRDA:26,0,0,1
BRDA:26,0,1,9
BRDA:31,1,0,9
BRDA:31,1,1,1
BRF:4
BRH:4
end_of_record
TN:
SF:src\components\MenuLink\index.jsx
FN:4,(anonymous_0)
FNF:1
FNH:1
FNDA:33,(anonymous_0)
DA:4,2
DA:5,33
DA:6,33
DA:13,2
LF:4
LH:4
BRDA:4,0,0,1
BRDA:5,1,0,1
BRDA:5,1,1,32
BRF:3
BRH:3
end_of_record
TN:
SF:src\components\MenuLink\styles.js
FN:4,(anonymous_0)
FNF:1
FNH:1
FNDA:33,(anonymous_0)
DA:3,2
DA:4,33
LF:2
LH:2
BRF:0
BRH:0
end_of_record
TN:
SF:src\components\NavLinks\index.jsx
FN:5,(anonymous_0)
FN:8,(anonymous_1)
FNF:2
FNH:2
FNDA:4,(anonymous_0)
FNDA:30,(anonymous_1)
DA:5,1
DA:6,4
DA:9,30
DA:15,1
LF:4
LH:4
BRDA:5,0,0,1
BRF:1
BRH:1
end_of_record
TN:
SF:src\components\NavLinks\styles.js
FN:4,(anonymous_0)
FNF:1
FNH:1
FNDA:4,(anonymous_0)
DA:3,1
DA:4,4
LF:2
LH:2
BRF:0
BRH:0
end_of_record
TN:
SF:src\components\TextComponent\index.jsx
FN:4,(anonymous_0)
FNF:1
FNH:1
FNDA:2,(anonymous_0)
DA:4,1
DA:5,2
DA:8,1
LF:3
LH:3
BRF:0
BRH:0
end_of_record
TN:
SF:src\components\TextComponent\styles.js
FN:4,(anonymous_0)
FNF:1
FNH:1
FNDA:2,(anonymous_0)
DA:3,1
DA:4,2
LF:2
LH:2
BRF:0
BRH:0
end_of_record
TN:
SF:src\templates\App\index.jsx
FN:3,Home
FNF:1
FNH:1
FNDA:1,Home
DA:4,1
LF:1
LH:1
BRF:0
BRH:0
end_of_record
TN:
SF:src\templates\App\styles.js
FNF:0
FNH:0
DA:3,1
LF:1
LH:1
BRF:0
BRH:0
end_of_record
