TN:
SF:src\api\map-data.js
FN:4,(anonymous_0)
FN:5,(anonymous_1)
FNF:2
FNH:2
FNDA:2,(anonymous_0)
FNDA:2,(anonymous_1)
DA:4,1
DA:5,2
DA:12,2
DA:14,2
LF:4
LH:4
BRDA:4,0,0,1
BRDA:7,1,0,1
BRDA:8,2,0,1
BRDA:9,3,0,1
BRDA:10,4,0,2
BRDA:11,5,0,2
BRF:6
BRH:6
end_of_record
TN:
SF:src\api\map-menu.js
FN:1,(anonymous_0)
FN:2,(anonymous_1)
FN:17,(anonymous_2)
FNF:3
FNH:3
FNDA:6,(anonymous_0)
FNDA:4,(anonymous_1)
FNDA:4,(anonymous_2)
DA:1,2
DA:2,6
DA:7,4
DA:9,4
DA:17,2
DA:24,4
DA:26,4
LF:7
LH:7
BRDA:1,0,0,1
BRDA:4,1,0,1
BRDA:5,2,0,1
BRDA:6,3,0,1
BRDA:17,4,0,1
BRDA:19,5,0,3
BRDA:20,6,0,3
BRDA:21,7,0,3
BRDA:22,8,0,3
BRDA:22,9,0,3
BRDA:23,10,0,3
BRF:11
BRH:11
end_of_record
TN:
SF:src\api\map-sections.js
FN:1,(anonymous_0)
FN:20,(anonymous_1)
FN:37,(anonymous_2)
FN:52,(anonymous_3)
FN:63,(anonymous_4)
FN:78,(anonymous_5)
FN:91,(anonymous_6)
FN:92,(anonymous_7)
FNF:8
FNH:8
FNDA:4,(anonymous_0)
FNDA:4,(anonymous_1)
FNDA:5,(anonymous_2)
FNDA:9,(anonymous_3)
FNDA:4,(anonymous_4)
FNDA:8,(anonymous_5)
FNDA:7,(anonymous_6)
FNDA:11,(anonymous_7)
DA:1,2
DA:8,4
DA:10,4
DA:20,2
DA:26,4
DA:28,4
DA:37,2
DA:44,5
DA:46,5
DA:53,9
DA:55,9
DA:63,2
DA:70,4
DA:72,4
DA:81,8
DA:83,8
DA:91,2
DA:92,7
DA:93,11
DA:94,2
DA:96,11
DA:97,2
DA:99,11
DA:100,6
DA:102,6
DA:103,3
DA:106,3
DA:107,2
DA:111,6
LF:29
LH:29
BRDA:1,0,0,1
BRDA:3,1,0,1
BRDA:4,2,0,1
BRDA:5,3,0,1
BRDA:6,4,0,1
BRDA:6,5,0,1
BRDA:7,6,0,1
BRDA:7,7,0,1
BRDA:7,8,0,1
BRDA:20,9,0,1
BRDA:22,10,0,1
BRDA:23,11,0,1
BRDA:24,12,0,1
BRDA:25,13,0,1
BRDA:25,14,0,1
BRDA:25,15,0,1
BRDA:37,16,0,1
BRDA:39,17,0,1
BRDA:40,18,0,2
BRDA:41,19,0,2
BRDA:42,20,0,2
BRDA:42,21,0,2
BRDA:42,22,0,2
BRDA:43,23,0,1
BRDA:53,24,0,1
BRDA:53,25,0,1
BRDA:63,26,0,1
BRDA:65,27,0,1
BRDA:66,28,0,2
BRDA:67,29,0,2
BRDA:68,30,0,2
BRDA:68,31,0,2
BRDA:68,32,0,2
BRDA:69,33,0,1
BRDA:80,34,0,1
BRDA:80,35,0,1
BRDA:80,36,0,1
BRDA:91,37,0,1
BRDA:93,38,0,2
BRDA:93,38,1,9
BRDA:96,39,0,2
BRDA:96,39,1,9
BRDA:99,40,0,6
BRDA:99,40,1,5
BRDA:100,41,0,2
BRDA:100,42,0,2
BRDA:102,43,0,3
BRDA:102,43,1,3
BRDA:106,44,0,2
BRDA:106,44,1,1
BRF:50
BRH:50
end_of_record
TN:
SF:src\components\Footer\index.jsx
FN:7,(anonymous_0)
FNF:1
FNH:1
FNDA:3,(anonymous_0)
DA:7,3
DA:8,3
DA:17,3
LF:3
LH:3
BRF:0
BRH:0
end_of_record
TN:
SF:src\components\Footer\styles.js
FN:7,(anonymous_0)
FNF:1
FNH:1
FNDA:3,(anonymous_0)
DA:6,3
DA:7,3
LF:2
LH:2
BRF:0
BRH:0
end_of_record
TN:
SF:src\components\GoTop\index.jsx
FN:4,(anonymous_0)
FNF:1
FNH:1
FNDA:3,(anonymous_0)
DA:4,3
DA:5,3
LF:2
LH:2
BRF:0
BRH:0
end_of_record
TN:
SF:src\components\GoTop\styles.js
FN:4,(anonymous_0)
FNF:1
FNH:1
FNDA:3,(anonymous_0)
DA:3,3
DA:4,3
LF:2
LH:2
BRF:0
BRH:0
end_of_record
TN:
SF:src\components\GridContent\index.jsx
FN:7,(anonymous_0)
FNF:1
FNH:1
FNDA:2,(anonymous_0)
DA:7,1
DA:8,2
DA:22,1
LF:3
LH:3
BRDA:7,0,0,1
BRF:1
BRH:1
end_of_record
TN:
SF:src\components\GridContent\styles.js
FN:4,(anonymous_0)
FN:12,(anonymous_1)
FNF:2
FNH:2
FNDA:2,(anonymous_0)
FNDA:2,(anonymous_1)
DA:3,1
DA:4,2
DA:11,1
DA:12,2
LF:4
LH:4
BRF:0
BRH:0
end_of_record
TN:
SF:src\components\GridImage\index.jsx
FN:8,(anonymous_0)
FN:17,(anonymous_1)
FNF:2
FNH:2
FNDA:2,(anonymous_0)
FNDA:12,(anonymous_1)
DA:8,1
DA:9,2
DA:18,12
DA:28,1
LF:4
LH:4
BRDA:8,0,0,1
BRF:1
BRH:1
end_of_record
TN:
SF:src\components\GridImage\styles.js
FN:6,(anonymous_0)
FN:14,(anonymous_1)
FN:22,(anonymous_2)
FN:28,(anonymous_3)
FNF:4
FNH:4
FNDA:2,(anonymous_0)
FNDA:2,(anonymous_1)
FNDA:12,(anonymous_2)
FNDA:12,(anonymous_3)
DA:5,1
DA:6,2
DA:13,1
DA:14,2
DA:21,1
DA:22,12
DA:27,1
DA:28,12
LF:8
LH:8
BRF:0
BRH:0
end_of_record
TN:
SF:src\components\GridText\index.jsx
FN:8,(anonymous_0)
FN:17,(anonymous_1)
FNF:2
FNH:2
FNDA:14,(anonymous_0)
FNDA:42,(anonymous_1)
DA:8,3
DA:9,14
DA:18,42
DA:31,3
LF:4
LH:4
BRDA:8,0,0,1
BRF:1
BRH:1
end_of_record
TN:
SF:src\components\GridText\styles.js
FN:7,(anonymous_0)
FN:15,(anonymous_1)
FN:30,(anonymous_2)
FNF:3
FNH:3
FNDA:14,(anonymous_0)
FNDA:14,(anonymous_1)
FNDA:42,(anonymous_2)
DA:6,3
DA:7,14
DA:14,3
DA:15,14
DA:29,3
DA:30,42
LF:6
LH:6
BRF:0
BRH:0
end_of_record
TN:
SF:src\components\GridTwoColumns\index.jsx
FN:8,(anonymous_0)
FNF:1
FNH:1
FNDA:1,(anonymous_0)
DA:8,1
DA:9,1
DA:27,1
LF:3
LH:3
BRDA:8,0,0,1
BRF:1
BRH:1
end_of_record
TN:
SF:src\components\GridTwoColumns\styles.js
FN:5,(anonymous_0)
FN:23,(anonymous_1)
FN:31,(anonymous_2)
FN:35,(anonymous_3)
FNF:4
FNH:4
FNDA:1,(anonymous_0)
FNDA:1,(anonymous_1)
FNDA:1,(anonymous_2)
FNDA:1,(anonymous_3)
DA:4,1
DA:5,1
DA:22,1
DA:23,1
DA:30,1
DA:31,1
DA:34,1
DA:35,1
LF:8
LH:8
BRF:0
BRH:0
end_of_record
TN:
SF:src\components\Heading\index.jsx
FN:4,(anonymous_0)
FNF:1
FNH:1
FNDA:81,(anonymous_0)
DA:4,9
DA:11,81
DA:18,9
LF:3
LH:3
BRDA:6,0,0,19
BRDA:7,1,0,19
BRDA:8,2,0,8
BRDA:9,3,0,51
BRF:4
BRH:4
end_of_record
TN:
SF:src\components\Heading\styles.js
FN:3,(anonymous_0)
FN:10,(anonymous_1)
FN:13,(anonymous_2)
FN:16,(anonymous_3)
FN:19,(anonymous_4)
FN:25,(anonymous_5)
FN:30,(anonymous_6)
FNF:7
FNH:7
FNDA:26,(anonymous_0)
FNDA:53,(anonymous_1)
FNDA:1,(anonymous_2)
FNDA:1,(anonymous_3)
FNDA:26,(anonymous_4)
FNDA:81,(anonymous_5)
FNDA:81,(anonymous_6)
DA:3,26
DA:9,9
DA:10,53
DA:13,1
DA:16,1
DA:19,26
DA:25,81
DA:29,9
DA:30,81
LF:9
LH:9
BRDA:26,0,0,30
BRDA:26,0,1,51
BRDA:31,1,0,56
BRDA:31,1,1,25
BRF:4
BRH:4
end_of_record
TN:
SF:src\components\LogoLink\index.jsx
FN:6,(anonymous_0)
FNF:1
FNH:1
FNDA:10,(anonymous_0)
DA:6,4
DA:7,10
DA:16,4
LF:3
LH:3
BRDA:6,0,0,8
BRDA:10,1,0,2
BRDA:10,1,1,8
BRF:3
BRH:3
end_of_record
TN:
SF:src\components\LogoLink\styles.js
FN:4,(anonymous_0)
FNF:1
FNH:1
FNDA:10,(anonymous_0)
DA:3,4
DA:4,10
LF:2
LH:2
BRF:0
BRH:0
end_of_record
TN:
SF:src\components\Menu\index.jsx
FN:11,(anonymous_0)
FN:18,(anonymous_1)
FN:27,(anonymous_2)
FNF:3
FNH:3
FNDA:7,(anonymous_0)
FNDA:1,(anonymous_1)
FNDA:1,(anonymous_2)
DA:11,3
DA:12,7
DA:14,7
DA:18,1
DA:27,1
DA:39,3
LF:6
LH:6
BRDA:11,0,0,1
BRDA:21,1,0,1
BRDA:21,1,1,6
BRF:3
BRH:3
end_of_record
TN:
SF:src\components\Menu\styles.js
FN:5,(anonymous_0)
FN:11,(anonymous_1)
FN:44,(anonymous_2)
FN:63,(anonymous_3)
FNF:4
FNH:4
FNDA:1,(anonymous_0)
FNDA:7,(anonymous_1)
FNDA:7,(anonymous_2)
FNDA:7,(anonymous_3)
DA:5,3
DA:10,3
DA:11,7
DA:43,3
DA:44,7
DA:62,3
DA:63,7
LF:7
LH:7
BRDA:32,0,0,7
BRDA:32,0,1,1
BRDA:74,1,0,1
BRDA:74,1,1,6
BRF:4
BRH:4
end_of_record
TN:
SF:src\components\MenuLink\index.jsx
FN:4,(anonymous_0)
FNF:1
FNH:1
FNDA:93,(anonymous_0)
DA:4,5
DA:5,93
DA:6,93
DA:13,5
LF:4
LH:4
BRDA:4,0,0,1
BRDA:5,1,0,1
BRDA:5,1,1,92
BRF:3
BRH:3
end_of_record
TN:
SF:src\components\MenuLink\styles.js
FN:4,(anonymous_0)
FNF:1
FNH:1
FNDA:93,(anonymous_0)
DA:3,5
DA:4,93
LF:2
LH:2
BRF:0
BRH:0
end_of_record
TN:
SF:src\components\NavLinks\index.jsx
FN:5,(anonymous_0)
FN:8,(anonymous_1)
FNF:2
FNH:2
FNDA:11,(anonymous_0)
FNDA:90,(anonymous_1)
DA:5,4
DA:6,11
DA:9,90
DA:15,4
LF:4
LH:4
BRDA:5,0,0,1
BRF:1
BRH:1
end_of_record
TN:
SF:src\components\NavLinks\styles.js
FN:4,(anonymous_0)
FNF:1
FNH:1
FNDA:11,(anonymous_0)
DA:3,4
DA:4,11
LF:2
LH:2
BRF:0
BRH:0
end_of_record
TN:
SF:src\components\SectionBackground\index.jsx
FN:5,(anonymous_0)
FNF:1
FNH:1
FNDA:21,(anonymous_0)
DA:5,7
DA:6,21
DA:13,7
LF:3
LH:3
BRDA:5,0,0,1
BRF:1
BRH:1
end_of_record
TN:
SF:src\components\SectionBackground\styles.js
FN:3,(anonymous_0)
FN:9,(anonymous_1)
FNF:2
FNH:2
FNDA:7,(anonymous_0)
FNDA:21,(anonymous_1)
DA:3,7
DA:8,7
DA:9,21
LF:3
LH:3
BRDA:12,0,0,21
BRDA:12,0,1,7
BRF:2
BRH:2
end_of_record
TN:
SF:src\components\SectionContainer\index.jsx
FN:4,(anonymous_0)
FNF:1
FNH:1
FNDA:32,(anonymous_0)
DA:4,10
DA:5,32
DA:8,10
LF:3
LH:3
BRF:0
BRH:0
end_of_record
TN:
SF:src\components\SectionContainer\styles.js
FN:4,(anonymous_0)
FNF:1
FNH:1
FNDA:32,(anonymous_0)
DA:3,10
DA:4,32
LF:2
LH:2
BRF:0
BRH:0
end_of_record
TN:
SF:src\components\TextComponent\index.jsx
FN:4,(anonymous_0)
FNF:1
FNH:1
FNDA:66,(anonymous_0)
DA:4,8
DA:5,66
DA:8,8
LF:3
LH:3
BRF:0
BRH:0
end_of_record
TN:
SF:src\components\TextComponent\styles.js
FN:4,(anonymous_0)
FNF:1
FNH:1
FNDA:66,(anonymous_0)
DA:3,8
DA:4,66
LF:2
LH:2
BRF:0
BRH:0
end_of_record
